<?xml version="1.0" encoding="UTF-8"?>
<testsuite xmlns:xsi="http://www.w3.org/2001/XMLSchema-instance" xsi:noNamespaceSchemaLocation="https://maven.apache.org/surefire/maven-surefire-plugin/xsd/surefire-test-report.xsd" name="FactoryTest" time="0.067" tests="10" errors="0" skipped="0" failures="0">
  <properties>
[...]
</properties>
  <testcase name="testInitDefault" classname="FactoryTest" time="0.022"/>
  <testcase name="testInitNoInput" classname="FactoryTest" time="0"/>
  <testcase name="test1topping" classname="FactoryTest" time="0.008"/>
  <testcase name="testInitBeyondBurger" classname="FactoryTest" time="0"/>
  <testcase name="testNoToppings" classname="FactoryTest" time="0.002"/>
  <testcase name="testInitSalmonBurger" classname="FactoryTest" time="0.003"/>
  <testcase name="test3toppings" classname="FactoryTest" time="0.014"/>
  <testcase name="testInitBasicBurger" classname="FactoryTest" time="0"/>
  <testcase name="testInitBlackbeanBurger" classname="FactoryTest" time="0"/>
  <testcase name="test2toppings" classname="FactoryTest" time="0.009"/>
</testsuite>